*******************************************************************************
*                                                                             *
*              K1874BE96T C CROSS COMPILER Version 2.00.151126                *
*                          Copyright (C) 2012 NIIET                           *
*                                                                             *
*******************************************************************************

          PMLC_select_device:
;FILE: .\BKATR\pmlc_drv.c
;000027        unsigned char pk_num,
;000036            while ((PMLC_STATUS_REG & SPI_BUSY) == SPI_BUSY);
                     ??_1_DO:
00000000    B30180FE20                     	LDB   _CL,PMLC_STATUS_REG
00000005    710120                         	ANDB  _CL,#01h
00000008    980020                         	CMPB  _CL,0
0000000B    D7F3                           	JNE   ??_1_DO
;000040            pk_slave_sel = pk_num | pdev_num;
0000000D    901D1C                         	ORB   pk_slave_sel?PMLC_select_device,pdev_num?PMLC_select_device
;000041            PMLC_SLAVE_REG = pk_slave_sel;
00000010    C70188FE1C                     	STB   pk_slave_sel?PMLC_select_device,PMLC_SLAVE_REG
;000042            (*list_ptr).SLAVE_SEL = pk_slave_sel;
00000015    C71E011C                       	STB   pk_slave_sel?PMLC_select_device,01h[list_ptr?PMLC_select_device]
;000043    }
00000019    F0                             	RET   
.ENDF
              PMLC_baud_rate:
;000050        unsigned char baud_rate,
;000057            while ((PMLC_STATUS_REG & SPI_BUSY) == SPI_BUSY);
                     ??_2_DO:
0000001A    B30180FE1D                     	LDB   _AH,PMLC_STATUS_REG
0000001F    71011D                         	ANDB  _AH,#01h
00000022    98001D                         	CMPB  _AH,0
00000025    D7F3                           	JNE   ??_2_DO
;000060            PMLC_BAUD_REG = baud_rate;
00000027    C70190FE1C                     	STB   BAUD_RATE0?PMLC_baud_rate,PMLC_BAUD_REG
;000061            (*list_ptr).BAUD_RATE = baud_rate;
0000002C    C71E021C                       	STB   BAUD_RATE0?PMLC_baud_rate,02h[list_ptr?PMLC_baud_rate]
;000062    }
00000030    F0                             	RET   
.ENDF
               PMLC_cmd_exec:
;000068        PMLC_CMD_LIST *list_ptr,
00000031    C824                           	PUSH  _EX
00000033    B02024                         	LDB   _EL,_CL
00000036    A01C20                         	LD    _CX,_AX
;000081            addr_cmd = addr | cmd;
00000039    901F1E                         	ORB   addr_cmd?PMLC_cmd_exec,cmd?PMLC_cmd_exec
;000083            for (i=0; i < 3; i=i++)
0000003C    111D                           	CLRB  i?PMLC_cmd_exec
0000003E    2038                           	SJMP  ??_3_CHECK
                   ??_3_LOOP:
;000084            {
;000086                    PMLC_TRAN_CMD_REG = addr_cmd;
00000040    C70198FE1E                     	STB   addr_cmd?PMLC_cmd_exec,PMLC_TRAN_CMD_REG
;000087                    PMLC_TRAN_DATA_REG = data;
00000045    C701A0FE24                     	STB   data?PMLC_cmd_exec,PMLC_TRAN_DATA_REG
;000089                    (*list_ptr).SEND_ADDR = addr_cmd;
0000004A    C720051E                       	STB   addr_cmd?PMLC_cmd_exec,05h[list_ptr?PMLC_cmd_exec]
;000090                    (*list_ptr).SEND_DATA = data;
0000004E    C7200624                       	STB   data?PMLC_cmd_exec,06h[list_ptr?PMLC_cmd_exec]
;000092                    do {
                   ??_4_LOOP:
;000093                            (*list_ptr).STATUS = PMLC_STATUS_REG;
00000052    B30180FE1C                     	LDB   _AL,PMLC_STATUS_REG
00000057    C720031C                       	STB   _AL,03h[list_ptr?PMLC_cmd_exec]
;000094                    } while (((*list_ptr).STATUS & XFR_DONE) != XFR_DONE);
0000005B    B320031C                       	LDB   _AL,03h[list_ptr?PMLC_cmd_exec]
0000005F    71021C                         	ANDB  _AL,#02h
00000062    98001C                         	CMPB  _AL,0
00000065    DFEB                           	JE    ??_4_LOOP
;000098                    stat = ((*list_ptr).STATUS & CRC_STATUS);
00000067    B320031C                       	LDB   stat?PMLC_cmd_exec,03h[list_ptr?PMLC_cmd_exec]
0000006B    71401C                         	ANDB  stat?PMLC_cmd_exec,#40h
;000099                    if (stat)
0000006E    98001C                         	CMPB  stat?PMLC_cmd_exec,0
00000071    DF0A                           	JE    ??_3_BREAK
;000100                            stat = EXEC_FAIL;
00000073    B1FF1C                         	LDB   stat?PMLC_cmd_exec,#0FFh
;000101                    else break;
;000102            }
00000076    171D                           	INCB  i?PMLC_cmd_exec
                  ??_3_CHECK:
00000078    99031D                         	CMPB  i?PMLC_cmd_exec,#03h
0000007B    D3C3                           	JNC   ??_3_LOOP
                  ??_3_BREAK:
;000105            cmd = cmd | stat;
0000007D    901C1F                         	ORB   cmd?PMLC_cmd_exec,stat?PMLC_cmd_exec
;000107            if (cmd == CMD_READ)
00000080    99081F                         	CMPB  cmd?PMLC_cmd_exec,#08h
00000083    D708                           	JNE   ??_6_ELSE
;000108            *pdev_reg = PMLC_RECV_DATA_REG;
00000085    B301B0FE1D                     	LDB   _AH,PMLC_RECV_DATA_REG
0000008A    C6221D                         	STB   _AH,[pdev_reg?PMLC_cmd_exec]
                   ??_6_ELSE:
;000109            if (cmd == CMD_WRITE)
0000008D    99041F                         	CMPB  cmd?PMLC_cmd_exec,#04h
00000090    D703                           	JNE   ??_7_ELSE
;000110            *pdev_reg = data;
00000092    C62224                         	STB   data?PMLC_cmd_exec,[pdev_reg?PMLC_cmd_exec]
                   ??_7_ELSE:
;000113            (*list_ptr).CMD_EXEC_STATUS = stat;
00000095    C6201C                         	STB   stat?PMLC_cmd_exec,[list_ptr?PMLC_cmd_exec]
;000115            return (stat);
;000116    }
00000098    CC24                           	POP   _EX
0000009A    F0                             	RET   
.ENDF

.\BKATR\pmlc_drv.c: 155 byte(s), 2964 line(s), 0 error(s), 0 warning(s)

